-------------------------------------------------------------------------------
Test set: com.familyTree.hlv.service.mapper.PersonMapperTest
-------------------------------------------------------------------------------
Tests run: 1, Failures: 0, Errors: 1, Skipped: 0, Time elapsed: 0.016 s <<< FAILURE! - in com.familyTree.hlv.service.mapper.PersonMapperTest
toDtoIsCorrect  Time elapsed: 0.016 s  <<< ERROR!
java.lang.NullPointerException
	at com.familyTree.hlv.service.mapper.PersonMapperTest.toDtoIsCorrect(PersonMapperTest.java:31)

